{"/Users/tienminh/Documents/testing_with_jest/src/isEven.js": {"path":"/Users/tienminh/Documents/testing_with_jest/src/isEven.js","all":false,"statementMap":{"0":{"start":{"line":1,"column":0},"end":{"line":1,"column":28}},"1":{"start":{"line":2,"column":0},"end":{"line":2,"column":26}},"2":{"start":{"line":3,"column":0},"end":{"line":3,"column":1}},"3":{"start":{"line":4,"column":0},"end":{"line":4,"column":0}},"4":{"start":{"line":5,"column":0},"end":{"line":5,"column":24}}},"s":{"0":1,"1":11,"2":11,"3":1,"4":1},"branchMap":{"0":{"type":"branch","line":1,"loc":{"start":{"line":1,"column":16},"end":{"line":3,"column":1}},"locations":[{"start":{"line":1,"column":16},"end":{"line":3,"column":1}}]}},"b":{"0":[11]},"fnMap":{"0":{"name":"isEven","decl":{"start":{"line":1,"column":16},"end":{"line":3,"column":1}},"loc":{"start":{"line":1,"column":16},"end":{"line":3,"column":1}},"line":1}},"f":{"0":11}}
}
